[21:08:04] [Network Listener - #1/INFO]: [Geyser-Bukkit] /111.18.76.108:8887 tried to connect!
[21:08:05] [Network Listener - #1/INFO]: [Geyser-Bukkit] Player connected with username libaicaptain
[21:08:10] [Network Listener - #1/INFO]: [Geyser-Bukkit] Attempting to login using offline mode... authentication is disabled.
[21:08:10] [nioEventLoopGroup-2-2/INFO]: [Geyser-Bukkit] libaicaptain (logged in as: libaicaptain) has connected to remote java server on address 127.0.0.1
[21:08:10] [User Authenticator #2/INFO]: UUID of player libaicaptain is ca146f1f-61f6-36c9-8770-57628306f436
[21:08:11] [nioEventLoopGroup-2-2/INFO]: [Geyser-Bukkit] Registering bedrock skin for libaicaptain (ca146f1f-61f6-36c9-8770-57628306f436)
[21:08:11] [Server thread/INFO]: libaicaptain joined the game
[21:08:11] [nioEventLoopGroup-2-2/INFO]: [Geyser-Bukkit] Unable to load bedrock skin for 'libaicaptain' as they are likely using a customised skin
[21:08:11] [Server thread/INFO]: libaicaptain[/127.0.0.1:45966] logged in with entity id 7658 at ([world]1813.5653, 69.0, 159.7)
[21:08:12] [Thread-143/INFO]: [Geyser-Bukkit] Spawned player at 1813.5653 69.0 159.7
[21:08:18] [Server thread/WARN]: Can't keep up! Is the server overloaded? Running 5045ms or 100 ticks behind
[21:08:46] [Craft Scheduler Thread - 18/INFO]: [AuthMe] The user libaicaptain has 2 accounts:
[21:08:46] [Craft Scheduler Thread - 18/INFO]: [AuthMe] lolixue, libaicaptain.
[21:08:46] [Craft Scheduler Thread - 18/INFO]: [AuthMe] libaicaptain logged in!
[21:13:42] [Server thread/WARN]: libaicaptain moved wrongly!
[21:13:42] [Server thread/WARN]: libaicaptain moved wrongly!
[21:13:42] [Server thread/WARN]: libaicaptain moved wrongly!
[21:13:42] [Server thread/WARN]: libaicaptain moved wrongly!
[21:13:42] [Server thread/WARN]: libaicaptain moved wrongly!
[21:13:42] [Server thread/WARN]: libaicaptain moved wrongly!
[21:13:42] [Server thread/WARN]: libaicaptain moved wrongly!
[21:13:42] [Server thread/WARN]: libaicaptain moved wrongly!
[21:13:42] [Server thread/WARN]: libaicaptain moved wrongly!
[21:13:42] [Server thread/WARN]: libaicaptain moved wrongly!
[21:13:42] [Server thread/WARN]: libaicaptain moved wrongly!
[21:13:43] [Server thread/WARN]: libaicaptain moved wrongly!
[21:13:43] [Server thread/WARN]: libaicaptain moved wrongly!
[21:13:43] [Server thread/WARN]: libaicaptain moved wrongly!
[21:13:43] [Server thread/WARN]: libaicaptain moved wrongly!
[21:13:43] [Server thread/WARN]: libaicaptain moved wrongly!
[21:13:44] [Server thread/WARN]: libaicaptain moved wrongly!
[21:15:02] [Server thread/INFO]: LEGACY_BIRCH_FENCE
[21:16:30] [Server thread/INFO]: LEGACY_BIRCH_FENCE
[21:16:41] [Server thread/INFO]: LEGACY_BIRCH_FENCE
[21:17:14] [Server thread/INFO]: LEGACY_BIRCH_FENCE
[21:17:51] [Server thread/INFO]: LEGACY_SIGN_POST
[21:19:06] [Server thread/INFO]: LEGACY_BIRCH_FENCE
[21:22:30] [Server thread/INFO]: LEGACY_SIGN_POST
[21:23:32] [Server thread/INFO]: LEGACY_BIRCH_FENCE
[21:23:58] [Server thread/INFO]: LEGACY_BIRCH_FENCE
[21:24:16] [Server thread/INFO]: LEGACY_BIRCH_FENCE
[21:25:29] [Server thread/INFO]: LEGACY_SIGN_POST
[21:26:37] [Server thread/INFO]: LEGACY_TORCH
[21:26:56] [Server thread/INFO]: LEGACY_SIGN_POST
[21:27:10] [Server thread/INFO]: LEGACY_SIGN_POST
[21:28:10] [Server thread/INFO]: LEGACY_SIGN_POST
[21:28:41] [Server thread/WARN]: Player libaicaptain just tried to change non-editable sign
[21:29:40] [Server thread/INFO]: LEGACY_BIRCH_FENCE
[21:30:24] [Server thread/INFO]: LEGACY_WOOD_PLATE
[21:30:38] [Server thread/WARN]: libaicaptain moved wrongly!
[21:31:35] [Server thread/INFO]: LEGACY_SIGN_POST
[21:32:47] [Server thread/INFO]: LEGACY_SIGN_POST
[21:32:59] [Server thread/INFO]: LEGACY_SIGN_POST
[21:34:46] [Server thread/WARN]: libaicaptain moved wrongly!
[21:34:46] [Server thread/WARN]: libaicaptain moved wrongly!
[21:34:46] [Server thread/WARN]: libaicaptain moved wrongly!
[21:34:46] [Server thread/WARN]: libaicaptain moved wrongly!
[21:34:46] [Server thread/WARN]: libaicaptain moved wrongly!
[21:42:54] [Server thread/WARN]: libaicaptain moved wrongly!
[21:42:55] [Server thread/WARN]: libaicaptain moved wrongly!
[21:42:55] [Server thread/WARN]: libaicaptain moved wrongly!
[21:42:55] [Server thread/WARN]: libaicaptain moved wrongly!
[21:42:55] [Server thread/WARN]: libaicaptain moved wrongly!
[21:48:27] [Server thread/WARN]: libaicaptain moved wrongly!
[21:50:32] [Server thread/WARN]: libaicaptain moved wrongly!
[21:50:32] [Server thread/WARN]: libaicaptain moved wrongly!
[21:50:32] [Server thread/WARN]: libaicaptain moved wrongly!
[21:50:32] [Server thread/WARN]: libaicaptain moved wrongly!
[21:50:32] [Server thread/WARN]: libaicaptain moved wrongly!
[21:50:32] [Server thread/WARN]: libaicaptain moved wrongly!
[21:50:38] [Server thread/WARN]: libaicaptain moved wrongly!
[21:50:38] [Server thread/WARN]: libaicaptain moved wrongly!
[21:50:38] [Server thread/WARN]: libaicaptain moved wrongly!
[21:50:38] [Server thread/WARN]: libaicaptain moved wrongly!
[21:50:38] [Server thread/WARN]: libaicaptain moved wrongly!
[21:50:42] [Server thread/WARN]: libaicaptain moved wrongly!
[21:58:29] [Server thread/INFO]: LEGACY_SAND
[22:03:45] [Server thread/WARN]: libaicaptain moved wrongly!
[22:13:18] [Server thread/WARN]: libaicaptain moved wrongly!
[22:13:18] [Server thread/WARN]: libaicaptain moved wrongly!
[22:13:18] [Server thread/WARN]: libaicaptain moved wrongly!
[22:13:18] [Server thread/WARN]: libaicaptain moved wrongly!
[22:13:18] [Server thread/WARN]: libaicaptain moved wrongly!
[22:13:18] [Server thread/WARN]: libaicaptain moved wrongly!
[22:13:18] [Server thread/WARN]: libaicaptain moved wrongly!
[22:13:18] [Server thread/WARN]: libaicaptain moved wrongly!
[22:13:18] [Server thread/WARN]: libaicaptain moved wrongly!
[22:13:18] [Server thread/WARN]: libaicaptain moved wrongly!
[22:13:18] [Server thread/WARN]: libaicaptain moved wrongly!
[22:13:18] [Server thread/WARN]: libaicaptain moved wrongly!
[22:13:18] [Server thread/WARN]: libaicaptain moved wrongly!
[22:13:18] [Server thread/WARN]: libaicaptain moved wrongly!
[22:13:18] [Server thread/WARN]: libaicaptain moved wrongly!
[22:15:07] [Server thread/WARN]: libaicaptain moved wrongly!
[22:15:43] [Server thread/INFO]: LEGACY_TORCH
[22:15:50] [Server thread/INFO]: LEGACY_TORCH
[22:15:58] [Server thread/INFO]: LEGACY_TORCH
[22:16:30] [Server thread/WARN]: libaicaptain moved wrongly!
[22:16:30] [Server thread/WARN]: libaicaptain moved wrongly!
[22:16:30] [Server thread/WARN]: libaicaptain moved wrongly!
[22:16:30] [Server thread/WARN]: libaicaptain moved wrongly!
[22:16:30] [Server thread/WARN]: libaicaptain moved wrongly!
[22:16:30] [Server thread/WARN]: libaicaptain moved wrongly!
[22:16:30] [Server thread/WARN]: libaicaptain moved wrongly!
[22:20:08] [Server thread/INFO]: LEGACY_WOOD
[22:20:09] [Server thread/INFO]: LEGACY_WOOD
[22:20:46] [Server thread/INFO]: LEGACY_TORCH
[22:20:54] [Server thread/INFO]: LEGACY_TORCH
[22:22:10] [Server thread/WARN]: libaicaptain moved wrongly!
[22:22:10] [Server thread/WARN]: libaicaptain moved wrongly!
[22:22:10] [Server thread/WARN]: libaicaptain moved wrongly!
[22:23:18] [Server thread/WARN]: libaicaptain moved wrongly!
[22:23:18] [Server thread/WARN]: libaicaptain moved wrongly!
[22:23:18] [Server thread/WARN]: libaicaptain moved wrongly!
[22:23:18] [Server thread/WARN]: libaicaptain moved wrongly!
[22:23:19] [Server thread/WARN]: libaicaptain moved wrongly!
[22:23:19] [Server thread/WARN]: libaicaptain moved wrongly!
[22:23:19] [Server thread/WARN]: libaicaptain moved wrongly!
[22:24:46] [Server thread/INFO]: libaicaptain was blown up by Creeper
[22:24:48] [Thread-143/INFO]: [Geyser-Bukkit] Spawned player at 1859.052893758009 64.5625 146.70843557318742
[22:25:00] [Server thread/WARN]: libaicaptain moved too quickly! 6.661200000000008,1.0,-8.640379999999993
[22:34:21] [Server thread/INFO]: LEGACY_DIRT
[22:34:22] [Server thread/INFO]: LEGACY_DIRT
[22:47:20] [Server thread/INFO]: LEGACY_DIRT
[22:47:23] [Server thread/INFO]: LEGACY_DIRT
[22:47:25] [Server thread/INFO]: LEGACY_DIRT
[22:47:34] [Server thread/INFO]: LEGACY_DIRT
[22:47:38] [Server thread/INFO]: LEGACY_DIRT
[22:47:39] [Server thread/INFO]: LEGACY_DIRT
[22:47:41] [Server thread/INFO]: LEGACY_DIRT
[22:47:42] [Server thread/INFO]: LEGACY_DIRT
[22:47:45] [Server thread/INFO]: LEGACY_DIRT
[22:48:01] [Server thread/INFO]: LEGACY_DIRT
[22:48:02] [Server thread/INFO]: LEGACY_DIRT
[22:48:04] [Server thread/INFO]: LEGACY_DIRT
[22:48:05] [Server thread/INFO]: LEGACY_DIRT
[22:48:06] [Server thread/INFO]: LEGACY_DIRT
[22:48:07] [Server thread/INFO]: LEGACY_DIRT
[22:48:27] [Server thread/WARN]: libaicaptain moved wrongly!
[22:49:52] [Server thread/INFO]: LEGACY_DIRT
[22:49:55] [Server thread/INFO]: LEGACY_DIRT
[22:49:56] [Server thread/INFO]: LEGACY_DIRT
[22:50:02] [Server thread/INFO]: LEGACY_DIRT
[22:50:05] [Server thread/INFO]: LEGACY_DIRT
[22:50:11] [Server thread/INFO]: LEGACY_DIRT
[22:50:26] [Server thread/INFO]: LEGACY_DIRT
[22:50:57] [Server thread/INFO]: LEGACY_DIRT
[22:51:22] [Server thread/INFO]: LEGACY_DIRT
[22:51:26] [Server thread/INFO]: LEGACY_DIRT
[22:51:27] [Server thread/INFO]: LEGACY_DIRT
[22:54:59] [Server thread/INFO]: LEGACY_TORCH
[22:55:04] [Server thread/INFO]: LEGACY_DIRT
[22:55:05] [Server thread/INFO]: LEGACY_DIRT
[22:55:06] [Server thread/INFO]: LEGACY_DIRT
[22:56:26] [Server thread/INFO]: LEGACY_DIRT
[22:56:33] [Server thread/INFO]: LEGACY_DIRT
[22:56:33] [Server thread/INFO]: LEGACY_DIRT
[22:56:37] [Server thread/INFO]: LEGACY_DIRT
[22:59:18] [Server thread/WARN]: libaicaptain moved wrongly!
[22:59:40] [Server thread/INFO]: LEGACY_DIRT
[23:00:29] [Server thread/INFO]: LEGACY_DIRT
[23:00:40] [Server thread/INFO]: LEGACY_DIRT
[23:00:47] [Server thread/INFO]: LEGACY_DIRT
[23:00:48] [Server thread/INFO]: LEGACY_DIRT
[23:00:55] [Server thread/INFO]: LEGACY_DIRT
[23:00:56] [Server thread/INFO]: LEGACY_DIRT
[23:01:32] [Server thread/INFO]: LEGACY_DIRT
[23:01:52] [Server thread/INFO]: libaicaptain has made the advancement [Isn't It Iron Pick]
[23:10:40] [Server thread/WARN]: libaicaptain moved wrongly!
[23:12:36] [Server thread/INFO]: LEGACY_DIRT
[23:12:41] [Server thread/INFO]: LEGACY_DIRT
[23:12:45] [Server thread/INFO]: LEGACY_DIRT
[23:13:32] [Server thread/INFO]: LEGACY_DIRT
[23:13:33] [Server thread/INFO]: LEGACY_DIRT
[23:13:42] [Server thread/INFO]: LEGACY_DIRT
[23:13:42] [Server thread/INFO]: LEGACY_DIRT
[23:14:35] [Server thread/INFO]: LEGACY_DIRT
[23:14:35] [Server thread/INFO]: LEGACY_DIRT
[23:14:36] [Server thread/INFO]: LEGACY_DIRT
[23:14:37] [Server thread/INFO]: LEGACY_DIRT
[23:14:37] [Server thread/INFO]: LEGACY_DIRT
[23:14:37] [Server thread/INFO]: LEGACY_DIRT
[23:14:38] [Server thread/INFO]: LEGACY_DIRT
[23:14:39] [Server thread/INFO]: LEGACY_DIRT
[23:14:40] [Server thread/INFO]: LEGACY_DIRT
[23:14:42] [Server thread/INFO]: LEGACY_DIRT
[23:14:43] [Server thread/INFO]: LEGACY_DIRT
[23:14:48] [Server thread/INFO]: LEGACY_DIRT
[23:14:49] [Server thread/INFO]: LEGACY_DIRT
[23:14:52] [Server thread/INFO]: LEGACY_DIRT
[23:14:53] [Server thread/INFO]: LEGACY_DIRT
[23:14:54] [Server thread/INFO]: LEGACY_DIRT
[23:14:55] [Server thread/INFO]: LEGACY_DIRT
[23:14:56] [Server thread/INFO]: LEGACY_DIRT
[23:14:57] [Server thread/INFO]: LEGACY_DIRT
[23:15:00] [Server thread/INFO]: LEGACY_DIRT
[23:15:03] [Server thread/INFO]: LEGACY_DIRT
[23:15:03] [Server thread/INFO]: LEGACY_DIRT
[23:16:48] [Server thread/INFO]: LEGACY_DIRT
[23:16:49] [Server thread/INFO]: LEGACY_DIRT
[23:16:52] [Server thread/INFO]: LEGACY_DIRT
[23:16:54] [Server thread/INFO]: LEGACY_DIRT
[23:16:55] [Server thread/INFO]: LEGACY_DIRT
[23:16:56] [Server thread/INFO]: LEGACY_DIRT
[23:17:25] [Server thread/INFO]: LEGACY_DIRT
[23:17:25] [Server thread/INFO]: LEGACY_DIRT
[23:18:29] [Server thread/INFO]: LEGACY_DIRT
[23:18:29] [Server thread/INFO]: LEGACY_DIRT
[23:19:02] [Server thread/INFO]: LEGACY_DIRT
[23:19:03] [Server thread/INFO]: LEGACY_DIRT
[23:19:28] [Server thread/INFO]: LEGACY_DIRT
[23:19:30] [Server thread/INFO]: LEGACY_DIRT
[23:19:31] [Server thread/INFO]: LEGACY_DIRT
[23:19:33] [Server thread/INFO]: LEGACY_DIRT
[23:19:39] [Server thread/INFO]: LEGACY_DIRT
[23:19:49] [Server thread/INFO]: LEGACY_DIRT
[23:19:51] [Server thread/INFO]: LEGACY_DIRT
[23:20:14] [Server thread/INFO]: LEGACY_DIRT
[23:20:17] [Server thread/INFO]: LEGACY_DIRT
[23:20:31] [Server thread/INFO]: LEGACY_DIRT
[23:22:31] [Server thread/WARN]: libaicaptain moved wrongly!
[23:23:11] [Server thread/INFO]: LEGACY_DIRT
[23:23:12] [Server thread/INFO]: LEGACY_DIRT
[23:23:29] [Server thread/INFO]: LEGACY_DIRT
[23:24:09] [Server thread/INFO]: LEGACY_DIRT
[23:24:09] [Server thread/INFO]: LEGACY_DIRT
[23:24:13] [Server thread/INFO]: LEGACY_DIRT
[23:24:13] [Server thread/INFO]: LEGACY_DIRT
[23:24:18] [Server thread/INFO]: LEGACY_DIRT
[23:24:22] [Server thread/INFO]: LEGACY_DIRT
[23:24:25] [Server thread/INFO]: LEGACY_DIRT
[23:24:26] [Server thread/INFO]: LEGACY_DIRT
[23:25:06] [Server thread/INFO]: LEGACY_DIRT
[23:25:38] [Server thread/INFO]: LEGACY_DIRT
[23:25:39] [Server thread/INFO]: LEGACY_DIRT
[23:25:42] [Server thread/INFO]: LEGACY_DIRT
[23:25:45] [Server thread/INFO]: LEGACY_DIRT
[23:25:46] [Server thread/INFO]: LEGACY_DIRT
[23:25:55] [Server thread/INFO]: LEGACY_DIRT
[23:25:56] [Server thread/INFO]: LEGACY_DIRT
[23:25:58] [Server thread/INFO]: LEGACY_DIRT
[23:25:59] [Server thread/INFO]: LEGACY_DIRT
[23:25:59] [Server thread/INFO]: LEGACY_DIRT
[23:26:01] [Server thread/INFO]: LEGACY_DIRT
[23:26:23] [Server thread/INFO]: LEGACY_DIRT
[23:26:24] [Server thread/INFO]: LEGACY_DIRT
[23:26:41] [Server thread/INFO]: LEGACY_DIRT
[23:26:43] [Server thread/INFO]: LEGACY_DIRT
[23:27:06] [Server thread/INFO]: LEGACY_DIRT
[23:27:08] [Server thread/INFO]: LEGACY_DIRT
[23:27:54] [Server thread/INFO]: LEGACY_DIRT
[23:27:55] [Server thread/INFO]: LEGACY_DIRT
[23:29:20] [Server thread/INFO]: LEGACY_DIRT
[23:29:21] [Server thread/INFO]: LEGACY_DIRT
[23:31:28] [Server thread/INFO]: LEGACY_DIRT
[23:32:20] [Server thread/INFO]: LEGACY_DIRT
[23:32:22] [Server thread/INFO]: LEGACY_DIRT
[23:32:27] [Server thread/INFO]: LEGACY_DIRT
[23:32:29] [Server thread/INFO]: LEGACY_DIRT
[23:32:29] [Server thread/INFO]: LEGACY_DIRT
[23:32:36] [Server thread/INFO]: LEGACY_DIRT
[23:32:39] [Server thread/INFO]: LEGACY_DIRT
[23:32:40] [Server thread/INFO]: LEGACY_DIRT
[23:32:41] [Server thread/INFO]: LEGACY_DIRT
[23:32:41] [Server thread/INFO]: LEGACY_DIRT
[23:32:48] [Server thread/INFO]: LEGACY_DIRT
[23:32:48] [Server thread/INFO]: LEGACY_DIRT
[23:32:49] [Server thread/INFO]: LEGACY_DIRT
[23:32:49] [Server thread/INFO]: LEGACY_DIRT
[23:32:51] [Server thread/INFO]: LEGACY_DIRT
[23:32:52] [Server thread/INFO]: LEGACY_DIRT
[23:32:57] [Server thread/INFO]: LEGACY_DIRT
[23:33:31] [Server thread/INFO]: LEGACY_DIRT
[23:33:32] [Server thread/INFO]: LEGACY_DIRT
[23:33:33] [Server thread/INFO]: LEGACY_DIRT
[23:33:34] [Server thread/INFO]: LEGACY_DIRT
[23:33:51] [Server thread/WARN]: libaicaptain moved wrongly!
